make all --print-data-base --no-builtin-variables --no-builtin-rules --question
# GNU Make 3.81
# Copyright (C) 2006  Free Software Foundation, Inc.
# This is free software; see the source for copying conditions.
# There is NO warranty; not even for MERCHANTABILITY or FITNESS FOR A
# PARTICULAR PURPOSE.

# This program built for i386-apple-darwin11.3.0
 
make: *** No rule to make target `all'.  Stop.


# Make data base, printed on Wed Jul 20 21:50:45 2022

# Variables

# automatic
<D = $(patsubst %/,%,$(dir $<))
# automatic
?F = $(notdir $?)
# automatic
?D = $(patsubst %/,%,$(dir $?))
# automatic
@D = $(patsubst %/,%,$(dir $@))
# automatic
@F = $(notdir $@)
# makefile
CURDIR := /Users/mumphus/Documents/projects/rust_ios
# makefile
SHELL = /bin/sh
# environment
VSCODE_NLS_CONFIG = {"locale":"en-us","availableLanguages":{},"_languagePackSupport":true}
# environment
_ = /usr/bin/make
# makefile (from `Makefile', line 1)
MAKEFILE_LIST :=  Makefile
# makefile (from `Makefile', line 3)
VERSION = 1.0.0
# makefile (from `Makefile', line 5)
RES = res
# environment
__CFBundleIdentifier = com.microsoft.VSCode
# makefile (from `Makefile', line 7)
ID = iPhone Developer: Darby Sauter (56QNC7F8PY)
# environment
P9K_SSH = 0
# makefile (from `Makefile', line 6)
APP = rust_ios.app
# makefile (from `Makefile', line 2)
PACKAGE = com.darby.rustios
# environment
VSCODE_CWD = /
# environment
PATH = /usr/local/opt/openssl@3/bin:/Users/mumphus/Library/Python/3.8/bin:/Users/mumphus/Documents/bin/dtrace-370.40.1/dst/Applications/Xcode.app/Contents/Developer/Toolchains/XcodeDefault.xctoolchain/usr/local/bin/:/Users/mumphus/Documents/bin/image3maker/:/Users/mumphus/Documents/projects/fuschia/fuchsia/.jiri_root/bin/:/Users/mumphus/bin:/usr/local/bin:/usr/bin:/bin:/usr/sbin:/sbin:/Applications/VMware Fusion.app/Contents/Public:/opt/X11/bin:/Library/Apple/usr/bin:/Users/mumphus/.cargo/bin
# environment
LSCOLORS = Gxfxcxdxbxegedabagacad
# environment
ELECTRON_RUN_AS_NODE = 1
# default
.FEATURES := target-specific order-only second-expansion else-if archives jobserver check-symlink
# environment
SSH_AUTH_SOCK = /private/tmp/com.apple.launchd.4CZ0kpcYSh/Listeners
# automatic
%F = $(notdir $%)
# environment
DISPLAY = /private/tmp/com.apple.launchd.O3A7Alwkx2/org.macosforge.xquartz:0
# environment
PWD = /Users/mumphus/Documents/projects/rust_ios
# environment
ORIGINAL_XDG_CURRENT_DESKTOP = undefined
# environment
VSCODE_AMD_ENTRYPOINT = vs/workbench/api/node/extensionHostProcess
# environment
HOME = /Users/mumphus
# default
MAKEFILEPATH := /Applications/Xcode.app/Contents/Developer/Makefiles
# environment
VSCODE_CODE_CACHE_PATH = /Users/mumphus/Library/Application Support/Code/CachedData/92d25e35d9bf1a6b16f7d0758f25d48ace11e5b9
# environment
LOGNAME = mumphus
# environment
APPLICATION_INSIGHTS_NO_DIAGNOSTIC_CHANNEL = 1
# environment
ZSH = /Users/mumphus/.oh-my-zsh
# environment
VSCODE_HANDLES_UNCAUGHT_ERRORS = true
# automatic
^D = $(patsubst %/,%,$(dir $^))
# environment
XPC_FLAGS = 0x0
# default
MAKE = $(MAKE_COMMAND)
# default
MAKECMDGOALS := all
# environment
SHLVL = 1
# default
MAKE_VERSION := 3.81
# environment
USER = mumphus
# makefile
.DEFAULT_GOAL := default
# makefile (from `Makefile', line 1)
TARGET_GUI = RustIos
# environment
LESS = -R
# automatic
%D = $(patsubst %/,%,$(dir $%))
# environment
FUCHSIA_DIR = /Users/mumphus/Documents/projects/fuschia/fuchsia
# default
MAKE_COMMAND := /Applications/Xcode.app/Contents/Developer/usr/bin/make
# default
.VARIABLES := 
# environment
TMPDIR = /var/folders/59/80z8nvrx16d0b4m5jd42gpgr0000gn/T/
# automatic
*F = $(notdir $*)
# environment
VSCODE_IPC_HOOK = /Users/mumphus/Library/Application Support/Code/1.69.0-main.sock
# environment
MallocNanoZone = 0
# makefile
MAKEFLAGS = Rrqp
# environment
MFLAGS = -Rrqp
# automatic
*D = $(patsubst %/,%,$(dir $*))
# environment
XPC_SERVICE_NAME = application.com.microsoft.VSCode.30809911.30811607
# automatic
+D = $(patsubst %/,%,$(dir $+))
# automatic
+F = $(notdir $+)
# environment
__CF_USER_TEXT_ENCODING = 0x1F5:0x0:0x52
# environment
COMMAND_MODE = unix2003
# default
MAKEFILES := 
# automatic
<F = $(notdir $<)
# environment
EDITOR = nvim
# environment
PAGER = less
# environment
LC_ALL = C
# automatic
^F = $(notdir $^)
# default
SUFFIXES := 
# default
.INCLUDE_DIRS = /usr/local/include
# environment
MAKELEVEL := 0
# environment
THEOS = /Users/mumphus/theos
# environment
LANG = C
# environment
VSCODE_PID = 91199
# variable set hash-table stats:
# Load=73/1024=7%, Rehash=0, Collisions=2/100=2%

# Pattern-specific Variable Values

# No pattern-specific variable values.

# Directories

# . (device 16777220, inode 29744659): 15 files, no impossibilities.

# 15 files, no impossibilities in 1 directories.

# Implicit Rules

# No implicit rules.

# Files

rust_ios.app: rust_ios res/Info.plist
#  Implicit rule search has not been done.
#  Modification time never checked.
#  File has not been updated.
#  commands to execute (from `Makefile', line 15):
	mkdir -p $(APP)
	cp target/aarch64-apple-ios/release/rust_ios $(APP)/$(TARGET_GUI)
	cp res/*.mobileprovision $(APP)/embedded.mobileprovision
	sed 's/$$(TARGET)/$(TARGET_GUI)/g;s/$$(PACKAGE)/$(PACKAGE)/g;s/$$(VERSION)/$(VERSION)/g' $(RES)/Info.plist > $(APP)/Info.plist
	cp $(RES)/Icon* $(APP)/
	echo '<?xml version="1.0" encoding="UTF-8"?>' >tmp.plist
	echo '<!DOCTYPE plist PUBLIC "-//Apple//DTD PLIST 1.0//EN" "http://www.apple.com/DTDs/PropertyList-1.0.dtd">' >>tmp.plist
	echo '<plist version="1.0">' >>tmp.plist
	echo '<dict>' >>tmp.plist
	strings res/*.mobileprovision | egrep -A1 'application-identifier' >>tmp.plist
	strings res/*.mobileprovision | egrep -A1 'team-identifier' >>tmp.plist			
	echo '<key>get-task-allow</key>' >> tmp.plist
	echo '<true/>' >> tmp.plist
	echo '</dict>' >>tmp.plist
	echo '</plist>' >>tmp.plist
	codesign -f -s '$(ID)' --entitlements tmp.plist $(APP)
	rm tmp.plist
	

rust_ios.ipa: rust_ios.app
#  Implicit rule search has not been done.
#  Modification time never checked.
#  File has not been updated.
#  commands to execute (from `Makefile', line 39):
	mkdir -p Payload
	cp -r $(APP) Payload
	rm -rf $(APP)
	zip -r rust_ios.ipa Payload
	rm -rf Payload
	

# Not a target:
all:
#  Command-line target.
#  Implicit rule search has been done.
#  File does not exist.
#  File has not been updated.
# variable set hash-table stats:
# Load=0/32=0%, Rehash=0, Collisions=0/0=0%

.PHONY: clean install log
#  Implicit rule search has not been done.
#  Modification time never checked.
#  File has not been updated.

# Not a target:
.SUFFIXES:
#  Implicit rule search has not been done.
#  Modification time never checked.
#  File has not been updated.

# Not a target:
Makefile:
#  Implicit rule search has been done.
#  Last modified 2022-07-20 21:50:37
#  File has been updated.
#  Successfully updated.
# variable set hash-table stats:
# Load=0/32=0%, Rehash=0, Collisions=0/0=0%

default: rust_ios.ipa
#  Implicit rule search has not been done.
#  Modification time never checked.
#  File has not been updated.

# Not a target:
res/Info.plist:
#  Implicit rule search has not been done.
#  Modification time never checked.
#  File has not been updated.

# Not a target:
.DEFAULT:
#  Implicit rule search has not been done.
#  Modification time never checked.
#  File has not been updated.

clean:
#  Phony target (prerequisite of .PHONY).
#  Implicit rule search has not been done.
#  File does not exist.
#  File has not been updated.
#  commands to execute (from `Makefile', line 53):
	rm -rf MakeTest.ipa
	

rust_ios:
#  Implicit rule search has not been done.
#  Modification time never checked.
#  File has not been updated.
#  commands to execute (from `Makefile', line 12):
	cargo build -Z unstable-options -Zbuild-std --release
	

log:
#  Phony target (prerequisite of .PHONY).
#  Implicit rule search has not been done.
#  File does not exist.
#  File has not been updated.
#  commands to execute (from `Makefile', line 49):
	idevicesyslog -p RustIos -m LOG:
	

install: rust_ios.ipa
#  Phony target (prerequisite of .PHONY).
#  Implicit rule search has not been done.
#  File does not exist.
#  File has not been updated.
#  commands to execute (from `Makefile', line 46):
	ideviceinstaller -i rust_ios.ipa
	

# files hash-table stats:
# Load=13/1024=1%, Rehash=0, Collisions=0/33=0%
# VPATH Search Paths

# No `vpath' search paths.

# No general (`VPATH' variable) search path.

# # of strings in strcache: 1
# # of strcache buffers: 1
# strcache size: total = 4096 / max = 4096 / min = 4096 / avg = 4096
 
# strcache free: total = 4087 / max = 4087 / min = 4087 / avg = 4087

# Finished Make data base on Wed Jul 20 21:50:45 2022

 
